2020-11-12 01:04:17,076 INFO s.TestCaseBase [main] starting test ...
2020-11-12 01:04:17,091 INFO h.PropertiesFilesLoader [main] success loading properties-file /properties/environment.properties
2020-11-12 01:04:17,091 INFO h.PropertiesFilesLoader [main] getting property with following key...CHROME_DRIVER_LOCATION
2020-11-12 01:04:17,091 INFO h.PropertiesFilesLoader [main]  found corresponding property C:\MyWorkspace\SeleniumChromeDriver\85\chromedriver.exe
2020-11-12 01:04:23,290 INFO s.MenuSteps [main] starting Spiegel
2020-11-12 01:04:27,982 INFO s.MenuSteps [main] accepting conditions
2020-11-12 01:04:51,454 ERROR c.SeleniumDriverWrapper [main] javascript error: Cannot read property 'scrollIntoView' of null
  (Session info: chrome=86.0.4240.183)
Build info: version: '3.141.59', revision: 'e82be7d358', time: '2018-11-14T08:17:03'
System info: host: 'LAPTOP-RN5VIIS5', ip: '192.168.142.1', os.name: 'Windows 10', os.arch: 'amd64', os.version: '10.0', java.version: '1.8.0_172'
Driver info: org.openqa.selenium.chrome.ChromeDriver
Capabilities {acceptInsecureCerts: false, browserName: chrome, browserVersion: 86.0.4240.183, chrome: {chromedriverVersion: 85.0.4183.87 (cd6713ebf92fa..., userDataDir: C:\Users\Lenovo\AppData\Loc...}, goog:chromeOptions: {debuggerAddress: localhost:58288}, javascriptEnabled: true, networkConnectionEnabled: false, pageLoadStrategy: normal, platform: WINDOWS, platformName: WINDOWS, proxy: Proxy(), setWindowRect: true, strictFileInteractability: false, timeouts: {implicit: 0, pageLoad: 300000, script: 30000}, unhandledPromptBehavior: dismiss and notify, webauthn:virtualAuthenticators: true}
Session ID: abad50a87565a9061c34b07f5a40f088
2020-11-12 01:09:31,023 INFO s.TestCaseBase [main] starting test ...
2020-11-12 01:09:31,039 INFO h.PropertiesFilesLoader [main] success loading properties-file /properties/environment.properties
2020-11-12 01:09:31,040 INFO h.PropertiesFilesLoader [main] getting property with following key...CHROME_DRIVER_LOCATION
2020-11-12 01:09:31,040 INFO h.PropertiesFilesLoader [main]  found corresponding property C:\MyWorkspace\SeleniumChromeDriver\85\chromedriver.exe
2020-11-12 01:09:37,355 INFO s.MenuSteps [main] starting Spiegel
2020-11-12 01:09:42,390 INFO s.MenuSteps [main] accepting conditions
2020-11-12 01:09:55,557 INFO s.TestCaseBase [main] starting test ...
2020-11-12 01:09:55,561 INFO s.MenuSteps [main] starting Spiegel
2020-11-12 01:10:00,701 INFO s.MenuSteps [main] accepting conditions
2020-11-12 01:10:02,756 ERROR c.SeleniumDriverWrapper [main] Element: //iframe[contains(@id, 'sp_message_iframe')] was not foundno such element: Unable to locate element: {"method":"xpath","selector":"//iframe[contains(@id, 'sp_message_iframe')]"}
  (Session info: chrome=86.0.4240.183)
For documentation on this error, please visit: https://www.seleniumhq.org/exceptions/no_such_element.html
Build info: version: '3.141.59', revision: 'e82be7d358', time: '2018-11-14T08:17:03'
System info: host: 'LAPTOP-RN5VIIS5', ip: '192.168.142.1', os.name: 'Windows 10', os.arch: 'amd64', os.version: '10.0', java.version: '1.8.0_172'
Driver info: org.openqa.selenium.chrome.ChromeDriver
Capabilities {acceptInsecureCerts: false, browserName: chrome, browserVersion: 86.0.4240.183, chrome: {chromedriverVersion: 85.0.4183.87 (cd6713ebf92fa..., userDataDir: C:\Users\Lenovo\AppData\Loc...}, goog:chromeOptions: {debuggerAddress: localhost:59035}, javascriptEnabled: true, networkConnectionEnabled: false, pageLoadStrategy: normal, platform: WINDOWS, platformName: WINDOWS, proxy: Proxy(), setWindowRect: true, strictFileInteractability: false, timeouts: {implicit: 0, pageLoad: 300000, script: 30000}, unhandledPromptBehavior: dismiss and notify, webauthn:virtualAuthenticators: true}
Session ID: cdc650dbbbfff76e0f6427dbcfa0fa9f
*** Element info: {Using=xpath, value=//iframe[contains(@id, 'sp_message_iframe')]}
2020-11-12 01:10:02,756 ERROR c.SeleniumDriverWrapper [main] //iframe[contains(@id, 'sp_message_iframe')]null
2020-11-12 01:10:21,333 ERROR c.SeleniumDriverWrapper [main] javascript error: Cannot read property 'scrollIntoView' of null
  (Session info: chrome=86.0.4240.183)
Build info: version: '3.141.59', revision: 'e82be7d358', time: '2018-11-14T08:17:03'
System info: host: 'LAPTOP-RN5VIIS5', ip: '192.168.142.1', os.name: 'Windows 10', os.arch: 'amd64', os.version: '10.0', java.version: '1.8.0_172'
Driver info: org.openqa.selenium.chrome.ChromeDriver
Capabilities {acceptInsecureCerts: false, browserName: chrome, browserVersion: 86.0.4240.183, chrome: {chromedriverVersion: 85.0.4183.87 (cd6713ebf92fa..., userDataDir: C:\Users\Lenovo\AppData\Loc...}, goog:chromeOptions: {debuggerAddress: localhost:59035}, javascriptEnabled: true, networkConnectionEnabled: false, pageLoadStrategy: normal, platform: WINDOWS, platformName: WINDOWS, proxy: Proxy(), setWindowRect: true, strictFileInteractability: false, timeouts: {implicit: 0, pageLoad: 300000, script: 30000}, unhandledPromptBehavior: dismiss and notify, webauthn:virtualAuthenticators: true}
Session ID: cdc650dbbbfff76e0f6427dbcfa0fa9f
2020-11-12 01:10:31,829 INFO s.TestCaseBase [main] starting test ...
2020-11-12 01:10:31,832 INFO s.MenuSteps [main] starting Spiegel
2020-11-12 01:10:36,110 INFO s.MenuSteps [main] accepting conditions
2020-11-12 01:10:38,625 ERROR c.SeleniumDriverWrapper [main] Element: //iframe[contains(@id, 'sp_message_iframe')] was not foundno such element: Unable to locate element: {"method":"xpath","selector":"//iframe[contains(@id, 'sp_message_iframe')]"}
  (Session info: chrome=86.0.4240.183)
For documentation on this error, please visit: https://www.seleniumhq.org/exceptions/no_such_element.html
Build info: version: '3.141.59', revision: 'e82be7d358', time: '2018-11-14T08:17:03'
System info: host: 'LAPTOP-RN5VIIS5', ip: '192.168.142.1', os.name: 'Windows 10', os.arch: 'amd64', os.version: '10.0', java.version: '1.8.0_172'
Driver info: org.openqa.selenium.chrome.ChromeDriver
Capabilities {acceptInsecureCerts: false, browserName: chrome, browserVersion: 86.0.4240.183, chrome: {chromedriverVersion: 85.0.4183.87 (cd6713ebf92fa..., userDataDir: C:\Users\Lenovo\AppData\Loc...}, goog:chromeOptions: {debuggerAddress: localhost:59035}, javascriptEnabled: true, networkConnectionEnabled: false, pageLoadStrategy: normal, platform: WINDOWS, platformName: WINDOWS, proxy: Proxy(), setWindowRect: true, strictFileInteractability: false, timeouts: {implicit: 0, pageLoad: 300000, script: 30000}, unhandledPromptBehavior: dismiss and notify, webauthn:virtualAuthenticators: true}
Session ID: cdc650dbbbfff76e0f6427dbcfa0fa9f
*** Element info: {Using=xpath, value=//iframe[contains(@id, 'sp_message_iframe')]}
2020-11-12 01:10:38,625 ERROR c.SeleniumDriverWrapper [main] //iframe[contains(@id, 'sp_message_iframe')]null
2020-11-12 01:10:59,067 INFO s.TestCaseBase [main] starting test ...
2020-11-12 01:10:59,068 INFO s.MenuSteps [main] starting Spiegel
2020-11-12 01:11:04,001 INFO s.MenuSteps [main] accepting conditions
2020-11-12 01:11:06,410 ERROR c.SeleniumDriverWrapper [main] Element: //iframe[contains(@id, 'sp_message_iframe')] was not foundno such element: Unable to locate element: {"method":"xpath","selector":"//iframe[contains(@id, 'sp_message_iframe')]"}
  (Session info: chrome=86.0.4240.183)
For documentation on this error, please visit: https://www.seleniumhq.org/exceptions/no_such_element.html
Build info: version: '3.141.59', revision: 'e82be7d358', time: '2018-11-14T08:17:03'
System info: host: 'LAPTOP-RN5VIIS5', ip: '192.168.142.1', os.name: 'Windows 10', os.arch: 'amd64', os.version: '10.0', java.version: '1.8.0_172'
Driver info: org.openqa.selenium.chrome.ChromeDriver
Capabilities {acceptInsecureCerts: false, browserName: chrome, browserVersion: 86.0.4240.183, chrome: {chromedriverVersion: 85.0.4183.87 (cd6713ebf92fa..., userDataDir: C:\Users\Lenovo\AppData\Loc...}, goog:chromeOptions: {debuggerAddress: localhost:59035}, javascriptEnabled: true, networkConnectionEnabled: false, pageLoadStrategy: normal, platform: WINDOWS, platformName: WINDOWS, proxy: Proxy(), setWindowRect: true, strictFileInteractability: false, timeouts: {implicit: 0, pageLoad: 300000, script: 30000}, unhandledPromptBehavior: dismiss and notify, webauthn:virtualAuthenticators: true}
Session ID: cdc650dbbbfff76e0f6427dbcfa0fa9f
*** Element info: {Using=xpath, value=//iframe[contains(@id, 'sp_message_iframe')]}
2020-11-12 01:11:06,410 ERROR c.SeleniumDriverWrapper [main] //iframe[contains(@id, 'sp_message_iframe')]null
2020-11-12 01:11:25,485 INFO s.TestCaseBase [main] starting test ...
2020-11-12 01:11:25,485 INFO s.MenuSteps [main] starting Spiegel
2020-11-12 01:11:29,407 INFO s.MenuSteps [main] accepting conditions
2020-11-12 01:11:32,470 ERROR c.SeleniumDriverWrapper [main] Element: //iframe[contains(@id, 'sp_message_iframe')] was not foundno such element: Unable to locate element: {"method":"xpath","selector":"//iframe[contains(@id, 'sp_message_iframe')]"}
  (Session info: chrome=86.0.4240.183)
For documentation on this error, please visit: https://www.seleniumhq.org/exceptions/no_such_element.html
Build info: version: '3.141.59', revision: 'e82be7d358', time: '2018-11-14T08:17:03'
System info: host: 'LAPTOP-RN5VIIS5', ip: '192.168.142.1', os.name: 'Windows 10', os.arch: 'amd64', os.version: '10.0', java.version: '1.8.0_172'
Driver info: org.openqa.selenium.chrome.ChromeDriver
Capabilities {acceptInsecureCerts: false, browserName: chrome, browserVersion: 86.0.4240.183, chrome: {chromedriverVersion: 85.0.4183.87 (cd6713ebf92fa..., userDataDir: C:\Users\Lenovo\AppData\Loc...}, goog:chromeOptions: {debuggerAddress: localhost:59035}, javascriptEnabled: true, networkConnectionEnabled: false, pageLoadStrategy: normal, platform: WINDOWS, platformName: WINDOWS, proxy: Proxy(), setWindowRect: true, strictFileInteractability: false, timeouts: {implicit: 0, pageLoad: 300000, script: 30000}, unhandledPromptBehavior: dismiss and notify, webauthn:virtualAuthenticators: true}
Session ID: cdc650dbbbfff76e0f6427dbcfa0fa9f
*** Element info: {Using=xpath, value=//iframe[contains(@id, 'sp_message_iframe')]}
2020-11-12 01:11:32,470 ERROR c.SeleniumDriverWrapper [main] //iframe[contains(@id, 'sp_message_iframe')]null
2020-11-12 01:11:52,382 INFO s.TestCaseBase [main] starting test ...
2020-11-12 01:11:52,383 INFO s.MenuSteps [main] starting Spiegel
2020-11-12 01:11:57,381 INFO s.MenuSteps [main] accepting conditions
2020-11-12 01:11:59,116 ERROR c.SeleniumDriverWrapper [main] Element: //iframe[contains(@id, 'sp_message_iframe')] was not foundno such element: Unable to locate element: {"method":"xpath","selector":"//iframe[contains(@id, 'sp_message_iframe')]"}
  (Session info: chrome=86.0.4240.183)
For documentation on this error, please visit: https://www.seleniumhq.org/exceptions/no_such_element.html
Build info: version: '3.141.59', revision: 'e82be7d358', time: '2018-11-14T08:17:03'
System info: host: 'LAPTOP-RN5VIIS5', ip: '192.168.142.1', os.name: 'Windows 10', os.arch: 'amd64', os.version: '10.0', java.version: '1.8.0_172'
Driver info: org.openqa.selenium.chrome.ChromeDriver
Capabilities {acceptInsecureCerts: false, browserName: chrome, browserVersion: 86.0.4240.183, chrome: {chromedriverVersion: 85.0.4183.87 (cd6713ebf92fa..., userDataDir: C:\Users\Lenovo\AppData\Loc...}, goog:chromeOptions: {debuggerAddress: localhost:59035}, javascriptEnabled: true, networkConnectionEnabled: false, pageLoadStrategy: normal, platform: WINDOWS, platformName: WINDOWS, proxy: Proxy(), setWindowRect: true, strictFileInteractability: false, timeouts: {implicit: 0, pageLoad: 300000, script: 30000}, unhandledPromptBehavior: dismiss and notify, webauthn:virtualAuthenticators: true}
Session ID: cdc650dbbbfff76e0f6427dbcfa0fa9f
*** Element info: {Using=xpath, value=//iframe[contains(@id, 'sp_message_iframe')]}
2020-11-12 01:11:59,116 ERROR c.SeleniumDriverWrapper [main] //iframe[contains(@id, 'sp_message_iframe')]null
2020-11-12 01:12:21,112 INFO s.TestCaseBase [main] starting test ...
2020-11-12 01:12:21,113 INFO s.MenuSteps [main] starting Spiegel
2020-11-12 01:12:24,442 INFO s.MenuSteps [main] accepting conditions
2020-11-12 01:12:26,736 ERROR c.SeleniumDriverWrapper [main] Element: //iframe[contains(@id, 'sp_message_iframe')] was not foundno such element: Unable to locate element: {"method":"xpath","selector":"//iframe[contains(@id, 'sp_message_iframe')]"}
  (Session info: chrome=86.0.4240.183)
For documentation on this error, please visit: https://www.seleniumhq.org/exceptions/no_such_element.html
Build info: version: '3.141.59', revision: 'e82be7d358', time: '2018-11-14T08:17:03'
System info: host: 'LAPTOP-RN5VIIS5', ip: '192.168.142.1', os.name: 'Windows 10', os.arch: 'amd64', os.version: '10.0', java.version: '1.8.0_172'
Driver info: org.openqa.selenium.chrome.ChromeDriver
Capabilities {acceptInsecureCerts: false, browserName: chrome, browserVersion: 86.0.4240.183, chrome: {chromedriverVersion: 85.0.4183.87 (cd6713ebf92fa..., userDataDir: C:\Users\Lenovo\AppData\Loc...}, goog:chromeOptions: {debuggerAddress: localhost:59035}, javascriptEnabled: true, networkConnectionEnabled: false, pageLoadStrategy: normal, platform: WINDOWS, platformName: WINDOWS, proxy: Proxy(), setWindowRect: true, strictFileInteractability: false, timeouts: {implicit: 0, pageLoad: 300000, script: 30000}, unhandledPromptBehavior: dismiss and notify, webauthn:virtualAuthenticators: true}
Session ID: cdc650dbbbfff76e0f6427dbcfa0fa9f
*** Element info: {Using=xpath, value=//iframe[contains(@id, 'sp_message_iframe')]}
2020-11-12 01:12:26,737 ERROR c.SeleniumDriverWrapper [main] //iframe[contains(@id, 'sp_message_iframe')]null
2020-11-12 01:12:29,767 ERROR c.SeleniumDriverWrapper [main] javascript error: Cannot read property 'scrollIntoView' of null
  (Session info: chrome=86.0.4240.183)
Build info: version: '3.141.59', revision: 'e82be7d358', time: '2018-11-14T08:17:03'
System info: host: 'LAPTOP-RN5VIIS5', ip: '192.168.142.1', os.name: 'Windows 10', os.arch: 'amd64', os.version: '10.0', java.version: '1.8.0_172'
Driver info: org.openqa.selenium.chrome.ChromeDriver
Capabilities {acceptInsecureCerts: false, browserName: chrome, browserVersion: 86.0.4240.183, chrome: {chromedriverVersion: 85.0.4183.87 (cd6713ebf92fa..., userDataDir: C:\Users\Lenovo\AppData\Loc...}, goog:chromeOptions: {debuggerAddress: localhost:59035}, javascriptEnabled: true, networkConnectionEnabled: false, pageLoadStrategy: normal, platform: WINDOWS, platformName: WINDOWS, proxy: Proxy(), setWindowRect: true, strictFileInteractability: false, timeouts: {implicit: 0, pageLoad: 300000, script: 30000}, unhandledPromptBehavior: dismiss and notify, webauthn:virtualAuthenticators: true}
Session ID: cdc650dbbbfff76e0f6427dbcfa0fa9f
2020-11-12 01:12:35,676 ERROR c.SeleniumDriverWrapper [main] Element Click Intercepted Exception: element click intercepted: Element <a href="https://boersen.manager-magazin.de/kursinformation/US2605661048/" target="_blank" rel="nofollow" class="hover:border-shade-light border-transparent inline-flex items-center text-black text-s" title="Dow Jones">...</a> is not clickable at point (287, 693). Other element would receive the click: <span class="bg-rightToLeft w-24 h-56"></span>
  (Session info: chrome=86.0.4240.183)
Build info: version: '3.141.59', revision: 'e82be7d358', time: '2018-11-14T08:17:03'
System info: host: 'LAPTOP-RN5VIIS5', ip: '192.168.142.1', os.name: 'Windows 10', os.arch: 'amd64', os.version: '10.0', java.version: '1.8.0_172'
Driver info: org.openqa.selenium.chrome.ChromeDriver
Capabilities {acceptInsecureCerts: false, browserName: chrome, browserVersion: 86.0.4240.183, chrome: {chromedriverVersion: 85.0.4183.87 (cd6713ebf92fa..., userDataDir: C:\Users\Lenovo\AppData\Loc...}, goog:chromeOptions: {debuggerAddress: localhost:59035}, javascriptEnabled: true, networkConnectionEnabled: false, pageLoadStrategy: normal, platform: WINDOWS, platformName: WINDOWS, proxy: Proxy(), setWindowRect: true, strictFileInteractability: false, timeouts: {implicit: 0, pageLoad: 300000, script: 30000}, unhandledPromptBehavior: dismiss and notify, webauthn:virtualAuthenticators: true}
Session ID: cdc650dbbbfff76e0f6427dbcfa0fa9f
2020-11-12 01:12:35,676 INFO c.SeleniumDriverWrapper [main] this is the filename  ERROR_SCREENSHOT_click__1605139955676.jpg
2020-11-12 01:12:36,169 WARN c.SeleniumDriverWrapper [main] WARNING: Tab1does not exists
2020-11-12 01:12:36,285 INFO s.TestCaseBase [main] starting test ...
2020-11-12 01:12:36,286 INFO s.MenuSteps [main] starting Spiegel
2020-11-12 01:12:41,703 INFO s.MenuSteps [main] accepting conditions
2020-11-12 01:12:43,409 ERROR c.SeleniumDriverWrapper [main] Element: //iframe[contains(@id, 'sp_message_iframe')] was not foundno such element: Unable to locate element: {"method":"xpath","selector":"//iframe[contains(@id, 'sp_message_iframe')]"}
  (Session info: chrome=86.0.4240.183)
For documentation on this error, please visit: https://www.seleniumhq.org/exceptions/no_such_element.html
Build info: version: '3.141.59', revision: 'e82be7d358', time: '2018-11-14T08:17:03'
System info: host: 'LAPTOP-RN5VIIS5', ip: '192.168.142.1', os.name: 'Windows 10', os.arch: 'amd64', os.version: '10.0', java.version: '1.8.0_172'
Driver info: org.openqa.selenium.chrome.ChromeDriver
Capabilities {acceptInsecureCerts: false, browserName: chrome, browserVersion: 86.0.4240.183, chrome: {chromedriverVersion: 85.0.4183.87 (cd6713ebf92fa..., userDataDir: C:\Users\Lenovo\AppData\Loc...}, goog:chromeOptions: {debuggerAddress: localhost:59035}, javascriptEnabled: true, networkConnectionEnabled: false, pageLoadStrategy: normal, platform: WINDOWS, platformName: WINDOWS, proxy: Proxy(), setWindowRect: true, strictFileInteractability: false, timeouts: {implicit: 0, pageLoad: 300000, script: 30000}, unhandledPromptBehavior: dismiss and notify, webauthn:virtualAuthenticators: true}
Session ID: cdc650dbbbfff76e0f6427dbcfa0fa9f
*** Element info: {Using=xpath, value=//iframe[contains(@id, 'sp_message_iframe')]}
2020-11-12 01:12:43,409 ERROR c.SeleniumDriverWrapper [main] //iframe[contains(@id, 'sp_message_iframe')]null
2020-11-12 01:13:02,235 INFO s.TestCaseBase [main] starting test ...
2020-11-12 01:13:02,235 INFO s.MenuSteps [main] starting Spiegel
2020-11-12 01:13:06,002 INFO s.MenuSteps [main] accepting conditions
2020-11-12 01:13:08,568 ERROR c.SeleniumDriverWrapper [main] Element: //iframe[contains(@id, 'sp_message_iframe')] was not foundno such element: Unable to locate element: {"method":"xpath","selector":"//iframe[contains(@id, 'sp_message_iframe')]"}
  (Session info: chrome=86.0.4240.183)
For documentation on this error, please visit: https://www.seleniumhq.org/exceptions/no_such_element.html
Build info: version: '3.141.59', revision: 'e82be7d358', time: '2018-11-14T08:17:03'
System info: host: 'LAPTOP-RN5VIIS5', ip: '192.168.142.1', os.name: 'Windows 10', os.arch: 'amd64', os.version: '10.0', java.version: '1.8.0_172'
Driver info: org.openqa.selenium.chrome.ChromeDriver
Capabilities {acceptInsecureCerts: false, browserName: chrome, browserVersion: 86.0.4240.183, chrome: {chromedriverVersion: 85.0.4183.87 (cd6713ebf92fa..., userDataDir: C:\Users\Lenovo\AppData\Loc...}, goog:chromeOptions: {debuggerAddress: localhost:59035}, javascriptEnabled: true, networkConnectionEnabled: false, pageLoadStrategy: normal, platform: WINDOWS, platformName: WINDOWS, proxy: Proxy(), setWindowRect: true, strictFileInteractability: false, timeouts: {implicit: 0, pageLoad: 300000, script: 30000}, unhandledPromptBehavior: dismiss and notify, webauthn:virtualAuthenticators: true}
Session ID: cdc650dbbbfff76e0f6427dbcfa0fa9f
*** Element info: {Using=xpath, value=//iframe[contains(@id, 'sp_message_iframe')]}
2020-11-12 01:13:08,568 ERROR c.SeleniumDriverWrapper [main] //iframe[contains(@id, 'sp_message_iframe')]null
2020-11-12 01:13:29,814 INFO s.TestCaseBase [main] starting test ...
2020-11-12 01:13:29,815 INFO s.MenuSteps [main] starting Spiegel
2020-11-12 01:13:34,798 INFO s.MenuSteps [main] accepting conditions
2020-11-12 01:13:37,072 ERROR c.SeleniumDriverWrapper [main] Element: //iframe[contains(@id, 'sp_message_iframe')] was not foundno such element: Unable to locate element: {"method":"xpath","selector":"//iframe[contains(@id, 'sp_message_iframe')]"}
  (Session info: chrome=86.0.4240.183)
For documentation on this error, please visit: https://www.seleniumhq.org/exceptions/no_such_element.html
Build info: version: '3.141.59', revision: 'e82be7d358', time: '2018-11-14T08:17:03'
System info: host: 'LAPTOP-RN5VIIS5', ip: '192.168.142.1', os.name: 'Windows 10', os.arch: 'amd64', os.version: '10.0', java.version: '1.8.0_172'
Driver info: org.openqa.selenium.chrome.ChromeDriver
Capabilities {acceptInsecureCerts: false, browserName: chrome, browserVersion: 86.0.4240.183, chrome: {chromedriverVersion: 85.0.4183.87 (cd6713ebf92fa..., userDataDir: C:\Users\Lenovo\AppData\Loc...}, goog:chromeOptions: {debuggerAddress: localhost:59035}, javascriptEnabled: true, networkConnectionEnabled: false, pageLoadStrategy: normal, platform: WINDOWS, platformName: WINDOWS, proxy: Proxy(), setWindowRect: true, strictFileInteractability: false, timeouts: {implicit: 0, pageLoad: 300000, script: 30000}, unhandledPromptBehavior: dismiss and notify, webauthn:virtualAuthenticators: true}
Session ID: cdc650dbbbfff76e0f6427dbcfa0fa9f
*** Element info: {Using=xpath, value=//iframe[contains(@id, 'sp_message_iframe')]}
2020-11-12 01:13:37,073 ERROR c.SeleniumDriverWrapper [main] //iframe[contains(@id, 'sp_message_iframe')]null
2020-11-12 01:13:58,188 INFO s.TestCaseBase [main] starting test ...
2020-11-12 01:13:58,188 INFO s.MenuSteps [main] starting Spiegel
2020-11-12 01:14:03,156 INFO s.MenuSteps [main] accepting conditions
2020-11-12 01:14:05,004 ERROR c.SeleniumDriverWrapper [main] Element: //iframe[contains(@id, 'sp_message_iframe')] was not foundno such element: Unable to locate element: {"method":"xpath","selector":"//iframe[contains(@id, 'sp_message_iframe')]"}
  (Session info: chrome=86.0.4240.183)
For documentation on this error, please visit: https://www.seleniumhq.org/exceptions/no_such_element.html
Build info: version: '3.141.59', revision: 'e82be7d358', time: '2018-11-14T08:17:03'
System info: host: 'LAPTOP-RN5VIIS5', ip: '192.168.142.1', os.name: 'Windows 10', os.arch: 'amd64', os.version: '10.0', java.version: '1.8.0_172'
Driver info: org.openqa.selenium.chrome.ChromeDriver
Capabilities {acceptInsecureCerts: false, browserName: chrome, browserVersion: 86.0.4240.183, chrome: {chromedriverVersion: 85.0.4183.87 (cd6713ebf92fa..., userDataDir: C:\Users\Lenovo\AppData\Loc...}, goog:chromeOptions: {debuggerAddress: localhost:59035}, javascriptEnabled: true, networkConnectionEnabled: false, pageLoadStrategy: normal, platform: WINDOWS, platformName: WINDOWS, proxy: Proxy(), setWindowRect: true, strictFileInteractability: false, timeouts: {implicit: 0, pageLoad: 300000, script: 30000}, unhandledPromptBehavior: dismiss and notify, webauthn:virtualAuthenticators: true}
Session ID: cdc650dbbbfff76e0f6427dbcfa0fa9f
*** Element info: {Using=xpath, value=//iframe[contains(@id, 'sp_message_iframe')]}
2020-11-12 01:14:05,004 ERROR c.SeleniumDriverWrapper [main] //iframe[contains(@id, 'sp_message_iframe')]null
2020-11-12 01:14:25,661 INFO s.TestCaseBase [main] starting test ...
2020-11-12 01:14:25,661 INFO s.MenuSteps [main] starting Spiegel
2020-11-12 01:14:30,603 INFO s.MenuSteps [main] accepting conditions
2020-11-12 01:14:33,003 ERROR c.SeleniumDriverWrapper [main] Element: //iframe[contains(@id, 'sp_message_iframe')] was not foundno such element: Unable to locate element: {"method":"xpath","selector":"//iframe[contains(@id, 'sp_message_iframe')]"}
  (Session info: chrome=86.0.4240.183)
For documentation on this error, please visit: https://www.seleniumhq.org/exceptions/no_such_element.html
Build info: version: '3.141.59', revision: 'e82be7d358', time: '2018-11-14T08:17:03'
System info: host: 'LAPTOP-RN5VIIS5', ip: '192.168.142.1', os.name: 'Windows 10', os.arch: 'amd64', os.version: '10.0', java.version: '1.8.0_172'
Driver info: org.openqa.selenium.chrome.ChromeDriver
Capabilities {acceptInsecureCerts: false, browserName: chrome, browserVersion: 86.0.4240.183, chrome: {chromedriverVersion: 85.0.4183.87 (cd6713ebf92fa..., userDataDir: C:\Users\Lenovo\AppData\Loc...}, goog:chromeOptions: {debuggerAddress: localhost:59035}, javascriptEnabled: true, networkConnectionEnabled: false, pageLoadStrategy: normal, platform: WINDOWS, platformName: WINDOWS, proxy: Proxy(), setWindowRect: true, strictFileInteractability: false, timeouts: {implicit: 0, pageLoad: 300000, script: 30000}, unhandledPromptBehavior: dismiss and notify, webauthn:virtualAuthenticators: true}
Session ID: cdc650dbbbfff76e0f6427dbcfa0fa9f
*** Element info: {Using=xpath, value=//iframe[contains(@id, 'sp_message_iframe')]}
2020-11-12 01:14:33,003 ERROR c.SeleniumDriverWrapper [main] //iframe[contains(@id, 'sp_message_iframe')]null
2020-11-12 01:14:41,110 ERROR s.StartpageSteps [main] bound must be positive
2020-11-12 01:14:41,110 INFO c.SeleniumDriverWrapper [main] this is the filename  ERROR_SCREENSHOT_clicking_random_article_of_tests_channel_1605140081110.jpg
2020-11-12 01:15:02,299 ERROR p.BasePage [main] Page DER SPIEGEL | Online-Nachrichten need longer than 15 seconds to load[Ljava.lang.StackTraceElement;@2349f14d
2020-11-12 01:15:02,318 INFO s.TestCaseBase [main] starting test ...
2020-11-12 01:15:02,319 INFO s.MenuSteps [main] starting Spiegel
2020-11-12 01:15:07,465 INFO s.MenuSteps [main] accepting conditions
2020-11-12 01:15:08,852 ERROR c.SeleniumDriverWrapper [main] Element: //iframe[contains(@id, 'sp_message_iframe')] was not foundno such element: Unable to locate element: {"method":"xpath","selector":"//iframe[contains(@id, 'sp_message_iframe')]"}
  (Session info: chrome=86.0.4240.183)
For documentation on this error, please visit: https://www.seleniumhq.org/exceptions/no_such_element.html
Build info: version: '3.141.59', revision: 'e82be7d358', time: '2018-11-14T08:17:03'
System info: host: 'LAPTOP-RN5VIIS5', ip: '192.168.142.1', os.name: 'Windows 10', os.arch: 'amd64', os.version: '10.0', java.version: '1.8.0_172'
Driver info: org.openqa.selenium.chrome.ChromeDriver
Capabilities {acceptInsecureCerts: false, browserName: chrome, browserVersion: 86.0.4240.183, chrome: {chromedriverVersion: 85.0.4183.87 (cd6713ebf92fa..., userDataDir: C:\Users\Lenovo\AppData\Loc...}, goog:chromeOptions: {debuggerAddress: localhost:59035}, javascriptEnabled: true, networkConnectionEnabled: false, pageLoadStrategy: normal, platform: WINDOWS, platformName: WINDOWS, proxy: Proxy(), setWindowRect: true, strictFileInteractability: false, timeouts: {implicit: 0, pageLoad: 300000, script: 30000}, unhandledPromptBehavior: dismiss and notify, webauthn:virtualAuthenticators: true}
Session ID: cdc650dbbbfff76e0f6427dbcfa0fa9f
*** Element info: {Using=xpath, value=//iframe[contains(@id, 'sp_message_iframe')]}
2020-11-12 01:15:08,852 ERROR c.SeleniumDriverWrapper [main] //iframe[contains(@id, 'sp_message_iframe')]null
2020-11-12 01:15:27,828 INFO s.TestCaseBase [main] starting test ...
2020-11-12 01:15:27,829 INFO s.MenuSteps [main] starting Spiegel
2020-11-12 01:15:32,534 INFO s.MenuSteps [main] accepting conditions
2020-11-12 01:15:35,150 ERROR c.SeleniumDriverWrapper [main] Element: //iframe[contains(@id, 'sp_message_iframe')] was not foundno such element: Unable to locate element: {"method":"xpath","selector":"//iframe[contains(@id, 'sp_message_iframe')]"}
  (Session info: chrome=86.0.4240.183)
For documentation on this error, please visit: https://www.seleniumhq.org/exceptions/no_such_element.html
Build info: version: '3.141.59', revision: 'e82be7d358', time: '2018-11-14T08:17:03'
System info: host: 'LAPTOP-RN5VIIS5', ip: '192.168.142.1', os.name: 'Windows 10', os.arch: 'amd64', os.version: '10.0', java.version: '1.8.0_172'
Driver info: org.openqa.selenium.chrome.ChromeDriver
Capabilities {acceptInsecureCerts: false, browserName: chrome, browserVersion: 86.0.4240.183, chrome: {chromedriverVersion: 85.0.4183.87 (cd6713ebf92fa..., userDataDir: C:\Users\Lenovo\AppData\Loc...}, goog:chromeOptions: {debuggerAddress: localhost:59035}, javascriptEnabled: true, networkConnectionEnabled: false, pageLoadStrategy: normal, platform: WINDOWS, platformName: WINDOWS, proxy: Proxy(), setWindowRect: true, strictFileInteractability: false, timeouts: {implicit: 0, pageLoad: 300000, script: 30000}, unhandledPromptBehavior: dismiss and notify, webauthn:virtualAuthenticators: true}
Session ID: cdc650dbbbfff76e0f6427dbcfa0fa9f
*** Element info: {Using=xpath, value=//iframe[contains(@id, 'sp_message_iframe')]}
2020-11-12 01:15:35,150 ERROR c.SeleniumDriverWrapper [main] //iframe[contains(@id, 'sp_message_iframe')]null
2020-11-12 01:16:07,133 ERROR p.BasePage [main] Page DER SPIEGEL | Online-Nachrichten need longer than 15 seconds to load[Ljava.lang.StackTraceElement;@624b523
2020-11-12 01:16:07,146 INFO s.TestCaseBase [main] starting test ...
2020-11-12 01:16:07,146 INFO s.MenuSteps [main] starting Spiegel
2020-11-12 01:16:11,605 INFO s.MenuSteps [main] accepting conditions
2020-11-12 01:16:12,798 ERROR c.SeleniumDriverWrapper [main] Element: //iframe[contains(@id, 'sp_message_iframe')] was not foundno such element: Unable to locate element: {"method":"xpath","selector":"//iframe[contains(@id, 'sp_message_iframe')]"}
  (Session info: chrome=86.0.4240.183)
For documentation on this error, please visit: https://www.seleniumhq.org/exceptions/no_such_element.html
Build info: version: '3.141.59', revision: 'e82be7d358', time: '2018-11-14T08:17:03'
System info: host: 'LAPTOP-RN5VIIS5', ip: '192.168.142.1', os.name: 'Windows 10', os.arch: 'amd64', os.version: '10.0', java.version: '1.8.0_172'
Driver info: org.openqa.selenium.chrome.ChromeDriver
Capabilities {acceptInsecureCerts: false, browserName: chrome, browserVersion: 86.0.4240.183, chrome: {chromedriverVersion: 85.0.4183.87 (cd6713ebf92fa..., userDataDir: C:\Users\Lenovo\AppData\Loc...}, goog:chromeOptions: {debuggerAddress: localhost:59035}, javascriptEnabled: true, networkConnectionEnabled: false, pageLoadStrategy: normal, platform: WINDOWS, platformName: WINDOWS, proxy: Proxy(), setWindowRect: true, strictFileInteractability: false, timeouts: {implicit: 0, pageLoad: 300000, script: 30000}, unhandledPromptBehavior: dismiss and notify, webauthn:virtualAuthenticators: true}
Session ID: cdc650dbbbfff76e0f6427dbcfa0fa9f
*** Element info: {Using=xpath, value=//iframe[contains(@id, 'sp_message_iframe')]}
2020-11-12 01:16:12,798 ERROR c.SeleniumDriverWrapper [main] //iframe[contains(@id, 'sp_message_iframe')]null
2020-11-12 01:16:15,842 ERROR c.SeleniumDriverWrapper [main] javascript error: Cannot read property 'scrollIntoView' of null
  (Session info: chrome=86.0.4240.183)
Build info: version: '3.141.59', revision: 'e82be7d358', time: '2018-11-14T08:17:03'
System info: host: 'LAPTOP-RN5VIIS5', ip: '192.168.142.1', os.name: 'Windows 10', os.arch: 'amd64', os.version: '10.0', java.version: '1.8.0_172'
Driver info: org.openqa.selenium.chrome.ChromeDriver
Capabilities {acceptInsecureCerts: false, browserName: chrome, browserVersion: 86.0.4240.183, chrome: {chromedriverVersion: 85.0.4183.87 (cd6713ebf92fa..., userDataDir: C:\Users\Lenovo\AppData\Loc...}, goog:chromeOptions: {debuggerAddress: localhost:59035}, javascriptEnabled: true, networkConnectionEnabled: false, pageLoadStrategy: normal, platform: WINDOWS, platformName: WINDOWS, proxy: Proxy(), setWindowRect: true, strictFileInteractability: false, timeouts: {implicit: 0, pageLoad: 300000, script: 30000}, unhandledPromptBehavior: dismiss and notify, webauthn:virtualAuthenticators: true}
Session ID: cdc650dbbbfff76e0f6427dbcfa0fa9f
2020-11-12 01:17:23,930 INFO s.TestCaseBase [main] starting test ...
2020-11-12 01:17:23,957 INFO h.PropertiesFilesLoader [main] success loading properties-file /properties/environment.properties
2020-11-12 01:17:23,958 INFO h.PropertiesFilesLoader [main] getting property with following key...CHROME_DRIVER_LOCATION
2020-11-12 01:17:23,958 INFO h.PropertiesFilesLoader [main]  found corresponding property C:\MyWorkspace\SeleniumChromeDriver\85\chromedriver.exe
2020-11-12 01:17:31,273 INFO s.MenuSteps [main] starting Spiegel
2020-11-12 01:17:38,588 INFO s.MenuSteps [main] accepting conditions
2020-11-12 01:17:52,787 INFO s.TestCaseBase [main] starting test ...
2020-11-12 01:17:52,789 INFO s.MenuSteps [main] starting Spiegel
2020-11-12 01:17:59,192 INFO s.MenuSteps [main] accepting conditions
2020-11-12 01:18:00,920 ERROR c.SeleniumDriverWrapper [main] Element: //iframe[contains(@id, 'sp_message_iframe')] was not foundno such element: Unable to locate element: {"method":"xpath","selector":"//iframe[contains(@id, 'sp_message_iframe')]"}
  (Session info: chrome=86.0.4240.183)
For documentation on this error, please visit: https://www.seleniumhq.org/exceptions/no_such_element.html
Build info: version: '3.141.59', revision: 'e82be7d358', time: '2018-11-14T08:17:03'
System info: host: 'LAPTOP-RN5VIIS5', ip: '192.168.142.1', os.name: 'Windows 10', os.arch: 'amd64', os.version: '10.0', java.version: '1.8.0_172'
Driver info: org.openqa.selenium.chrome.ChromeDriver
Capabilities {acceptInsecureCerts: false, browserName: chrome, browserVersion: 86.0.4240.183, chrome: {chromedriverVersion: 85.0.4183.87 (cd6713ebf92fa..., userDataDir: C:\Users\Lenovo\AppData\Loc...}, goog:chromeOptions: {debuggerAddress: localhost:61169}, javascriptEnabled: true, networkConnectionEnabled: false, pageLoadStrategy: normal, platform: WINDOWS, platformName: WINDOWS, proxy: Proxy(), setWindowRect: true, strictFileInteractability: false, timeouts: {implicit: 0, pageLoad: 300000, script: 30000}, unhandledPromptBehavior: dismiss and notify, webauthn:virtualAuthenticators: true}
Session ID: 3e8275931a7832b64a7b18145fc837a4
*** Element info: {Using=xpath, value=//iframe[contains(@id, 'sp_message_iframe')]}
2020-11-12 01:18:00,920 ERROR c.SeleniumDriverWrapper [main] //iframe[contains(@id, 'sp_message_iframe')]null
2020-11-12 01:18:20,751 ERROR c.SeleniumDriverWrapper [main] javascript error: Cannot read property 'scrollIntoView' of null
  (Session info: chrome=86.0.4240.183)
Build info: version: '3.141.59', revision: 'e82be7d358', time: '2018-11-14T08:17:03'
System info: host: 'LAPTOP-RN5VIIS5', ip: '192.168.142.1', os.name: 'Windows 10', os.arch: 'amd64', os.version: '10.0', java.version: '1.8.0_172'
Driver info: org.openqa.selenium.chrome.ChromeDriver
Capabilities {acceptInsecureCerts: false, browserName: chrome, browserVersion: 86.0.4240.183, chrome: {chromedriverVersion: 85.0.4183.87 (cd6713ebf92fa..., userDataDir: C:\Users\Lenovo\AppData\Loc...}, goog:chromeOptions: {debuggerAddress: localhost:61169}, javascriptEnabled: true, networkConnectionEnabled: false, pageLoadStrategy: normal, platform: WINDOWS, platformName: WINDOWS, proxy: Proxy(), setWindowRect: true, strictFileInteractability: false, timeouts: {implicit: 0, pageLoad: 300000, script: 30000}, unhandledPromptBehavior: dismiss and notify, webauthn:virtualAuthenticators: true}
Session ID: 3e8275931a7832b64a7b18145fc837a4
2020-11-12 01:18:32,193 INFO s.TestCaseBase [main] starting test ...
2020-11-12 01:18:32,193 INFO s.MenuSteps [main] starting Spiegel
2020-11-12 01:18:36,693 INFO s.MenuSteps [main] accepting conditions
2020-11-12 01:18:40,316 ERROR c.SeleniumDriverWrapper [main] Element: //iframe[contains(@id, 'sp_message_iframe')] was not foundno such element: Unable to locate element: {"method":"xpath","selector":"//iframe[contains(@id, 'sp_message_iframe')]"}
  (Session info: chrome=86.0.4240.183)
For documentation on this error, please visit: https://www.seleniumhq.org/exceptions/no_such_element.html
Build info: version: '3.141.59', revision: 'e82be7d358', time: '2018-11-14T08:17:03'
System info: host: 'LAPTOP-RN5VIIS5', ip: '192.168.142.1', os.name: 'Windows 10', os.arch: 'amd64', os.version: '10.0', java.version: '1.8.0_172'
Driver info: org.openqa.selenium.chrome.ChromeDriver
Capabilities {acceptInsecureCerts: false, browserName: chrome, browserVersion: 86.0.4240.183, chrome: {chromedriverVersion: 85.0.4183.87 (cd6713ebf92fa..., userDataDir: C:\Users\Lenovo\AppData\Loc...}, goog:chromeOptions: {debuggerAddress: localhost:61169}, javascriptEnabled: true, networkConnectionEnabled: false, pageLoadStrategy: normal, platform: WINDOWS, platformName: WINDOWS, proxy: Proxy(), setWindowRect: true, strictFileInteractability: false, timeouts: {implicit: 0, pageLoad: 300000, script: 30000}, unhandledPromptBehavior: dismiss and notify, webauthn:virtualAuthenticators: true}
Session ID: 3e8275931a7832b64a7b18145fc837a4
*** Element info: {Using=xpath, value=//iframe[contains(@id, 'sp_message_iframe')]}
2020-11-12 01:18:40,316 ERROR c.SeleniumDriverWrapper [main] //iframe[contains(@id, 'sp_message_iframe')]null
2020-11-12 01:19:00,836 INFO s.TestCaseBase [main] starting test ...
2020-11-12 01:19:00,836 INFO s.MenuSteps [main] starting Spiegel
2020-11-12 01:19:05,655 INFO s.MenuSteps [main] accepting conditions
2020-11-12 01:19:08,377 ERROR c.SeleniumDriverWrapper [main] Element: //iframe[contains(@id, 'sp_message_iframe')] was not foundno such element: Unable to locate element: {"method":"xpath","selector":"//iframe[contains(@id, 'sp_message_iframe')]"}
  (Session info: chrome=86.0.4240.183)
For documentation on this error, please visit: https://www.seleniumhq.org/exceptions/no_such_element.html
Build info: version: '3.141.59', revision: 'e82be7d358', time: '2018-11-14T08:17:03'
System info: host: 'LAPTOP-RN5VIIS5', ip: '192.168.142.1', os.name: 'Windows 10', os.arch: 'amd64', os.version: '10.0', java.version: '1.8.0_172'
Driver info: org.openqa.selenium.chrome.ChromeDriver
Capabilities {acceptInsecureCerts: false, browserName: chrome, browserVersion: 86.0.4240.183, chrome: {chromedriverVersion: 85.0.4183.87 (cd6713ebf92fa..., userDataDir: C:\Users\Lenovo\AppData\Loc...}, goog:chromeOptions: {debuggerAddress: localhost:61169}, javascriptEnabled: true, networkConnectionEnabled: false, pageLoadStrategy: normal, platform: WINDOWS, platformName: WINDOWS, proxy: Proxy(), setWindowRect: true, strictFileInteractability: false, timeouts: {implicit: 0, pageLoad: 300000, script: 30000}, unhandledPromptBehavior: dismiss and notify, webauthn:virtualAuthenticators: true}
Session ID: 3e8275931a7832b64a7b18145fc837a4
*** Element info: {Using=xpath, value=//iframe[contains(@id, 'sp_message_iframe')]}
2020-11-12 01:19:08,377 ERROR c.SeleniumDriverWrapper [main] //iframe[contains(@id, 'sp_message_iframe')]null
2020-11-12 01:19:28,626 INFO s.TestCaseBase [main] starting test ...
2020-11-12 01:19:28,626 INFO s.MenuSteps [main] starting Spiegel
2020-11-12 01:19:35,332 INFO s.MenuSteps [main] accepting conditions
2020-11-12 01:19:37,839 ERROR c.SeleniumDriverWrapper [main] Element: //iframe[contains(@id, 'sp_message_iframe')] was not foundno such element: Unable to locate element: {"method":"xpath","selector":"//iframe[contains(@id, 'sp_message_iframe')]"}
  (Session info: chrome=86.0.4240.183)
For documentation on this error, please visit: https://www.seleniumhq.org/exceptions/no_such_element.html
Build info: version: '3.141.59', revision: 'e82be7d358', time: '2018-11-14T08:17:03'
System info: host: 'LAPTOP-RN5VIIS5', ip: '192.168.142.1', os.name: 'Windows 10', os.arch: 'amd64', os.version: '10.0', java.version: '1.8.0_172'
Driver info: org.openqa.selenium.chrome.ChromeDriver
Capabilities {acceptInsecureCerts: false, browserName: chrome, browserVersion: 86.0.4240.183, chrome: {chromedriverVersion: 85.0.4183.87 (cd6713ebf92fa..., userDataDir: C:\Users\Lenovo\AppData\Loc...}, goog:chromeOptions: {debuggerAddress: localhost:61169}, javascriptEnabled: true, networkConnectionEnabled: false, pageLoadStrategy: normal, platform: WINDOWS, platformName: WINDOWS, proxy: Proxy(), setWindowRect: true, strictFileInteractability: false, timeouts: {implicit: 0, pageLoad: 300000, script: 30000}, unhandledPromptBehavior: dismiss and notify, webauthn:virtualAuthenticators: true}
Session ID: 3e8275931a7832b64a7b18145fc837a4
*** Element info: {Using=xpath, value=//iframe[contains(@id, 'sp_message_iframe')]}
2020-11-12 01:19:37,840 ERROR c.SeleniumDriverWrapper [main] //iframe[contains(@id, 'sp_message_iframe')]null
2020-11-12 01:20:02,108 INFO s.TestCaseBase [main] starting test ...
2020-11-12 01:20:02,108 INFO s.MenuSteps [main] starting Spiegel
2020-11-12 01:20:05,537 INFO s.MenuSteps [main] accepting conditions
2020-11-12 01:20:10,156 ERROR c.SeleniumDriverWrapper [main] Element: //iframe[contains(@id, 'sp_message_iframe')] was not foundno such element: Unable to locate element: {"method":"xpath","selector":"//iframe[contains(@id, 'sp_message_iframe')]"}
  (Session info: chrome=86.0.4240.183)
For documentation on this error, please visit: https://www.seleniumhq.org/exceptions/no_such_element.html
Build info: version: '3.141.59', revision: 'e82be7d358', time: '2018-11-14T08:17:03'
System info: host: 'LAPTOP-RN5VIIS5', ip: '192.168.142.1', os.name: 'Windows 10', os.arch: 'amd64', os.version: '10.0', java.version: '1.8.0_172'
Driver info: org.openqa.selenium.chrome.ChromeDriver
Capabilities {acceptInsecureCerts: false, browserName: chrome, browserVersion: 86.0.4240.183, chrome: {chromedriverVersion: 85.0.4183.87 (cd6713ebf92fa..., userDataDir: C:\Users\Lenovo\AppData\Loc...}, goog:chromeOptions: {debuggerAddress: localhost:61169}, javascriptEnabled: true, networkConnectionEnabled: false, pageLoadStrategy: normal, platform: WINDOWS, platformName: WINDOWS, proxy: Proxy(), setWindowRect: true, strictFileInteractability: false, timeouts: {implicit: 0, pageLoad: 300000, script: 30000}, unhandledPromptBehavior: dismiss and notify, webauthn:virtualAuthenticators: true}
Session ID: 3e8275931a7832b64a7b18145fc837a4
*** Element info: {Using=xpath, value=//iframe[contains(@id, 'sp_message_iframe')]}
2020-11-12 01:20:10,157 ERROR c.SeleniumDriverWrapper [main] //iframe[contains(@id, 'sp_message_iframe')]null
2020-11-12 01:20:32,588 INFO s.TestCaseBase [main] starting test ...
2020-11-12 01:20:32,589 INFO s.MenuSteps [main] starting Spiegel
2020-11-12 01:20:37,915 INFO s.MenuSteps [main] accepting conditions
2020-11-12 01:20:39,833 ERROR c.SeleniumDriverWrapper [main] Element: //iframe[contains(@id, 'sp_message_iframe')] was not foundno such element: Unable to locate element: {"method":"xpath","selector":"//iframe[contains(@id, 'sp_message_iframe')]"}
  (Session info: chrome=86.0.4240.183)
For documentation on this error, please visit: https://www.seleniumhq.org/exceptions/no_such_element.html
Build info: version: '3.141.59', revision: 'e82be7d358', time: '2018-11-14T08:17:03'
System info: host: 'LAPTOP-RN5VIIS5', ip: '192.168.142.1', os.name: 'Windows 10', os.arch: 'amd64', os.version: '10.0', java.version: '1.8.0_172'
Driver info: org.openqa.selenium.chrome.ChromeDriver
Capabilities {acceptInsecureCerts: false, browserName: chrome, browserVersion: 86.0.4240.183, chrome: {chromedriverVersion: 85.0.4183.87 (cd6713ebf92fa..., userDataDir: C:\Users\Lenovo\AppData\Loc...}, goog:chromeOptions: {debuggerAddress: localhost:61169}, javascriptEnabled: true, networkConnectionEnabled: false, pageLoadStrategy: normal, platform: WINDOWS, platformName: WINDOWS, proxy: Proxy(), setWindowRect: true, strictFileInteractability: false, timeouts: {implicit: 0, pageLoad: 300000, script: 30000}, unhandledPromptBehavior: dismiss and notify, webauthn:virtualAuthenticators: true}
Session ID: 3e8275931a7832b64a7b18145fc837a4
*** Element info: {Using=xpath, value=//iframe[contains(@id, 'sp_message_iframe')]}
2020-11-12 01:20:39,833 ERROR c.SeleniumDriverWrapper [main] //iframe[contains(@id, 'sp_message_iframe')]null
2020-11-12 01:20:42,874 ERROR c.SeleniumDriverWrapper [main] javascript error: Cannot read property 'scrollIntoView' of null
  (Session info: chrome=86.0.4240.183)
Build info: version: '3.141.59', revision: 'e82be7d358', time: '2018-11-14T08:17:03'
System info: host: 'LAPTOP-RN5VIIS5', ip: '192.168.142.1', os.name: 'Windows 10', os.arch: 'amd64', os.version: '10.0', java.version: '1.8.0_172'
Driver info: org.openqa.selenium.chrome.ChromeDriver
Capabilities {acceptInsecureCerts: false, browserName: chrome, browserVersion: 86.0.4240.183, chrome: {chromedriverVersion: 85.0.4183.87 (cd6713ebf92fa..., userDataDir: C:\Users\Lenovo\AppData\Loc...}, goog:chromeOptions: {debuggerAddress: localhost:61169}, javascriptEnabled: true, networkConnectionEnabled: false, pageLoadStrategy: normal, platform: WINDOWS, platformName: WINDOWS, proxy: Proxy(), setWindowRect: true, strictFileInteractability: false, timeouts: {implicit: 0, pageLoad: 300000, script: 30000}, unhandledPromptBehavior: dismiss and notify, webauthn:virtualAuthenticators: true}
Session ID: 3e8275931a7832b64a7b18145fc837a4
2020-11-12 01:20:48,698 ERROR c.SeleniumDriverWrapper [main] Element Click Intercepted Exception: element click intercepted: Element <a href="https://boersen.manager-magazin.de/kursinformation/US2605661048/" target="_blank" rel="nofollow" class="hover:border-shade-light border-transparent inline-flex items-center text-black text-s" title="Dow Jones">...</a> is not clickable at point (275, 693). Other element would receive the click: <span class="bg-rightToLeft w-24 h-56"></span>
  (Session info: chrome=86.0.4240.183)
Build info: version: '3.141.59', revision: 'e82be7d358', time: '2018-11-14T08:17:03'
System info: host: 'LAPTOP-RN5VIIS5', ip: '192.168.142.1', os.name: 'Windows 10', os.arch: 'amd64', os.version: '10.0', java.version: '1.8.0_172'
Driver info: org.openqa.selenium.chrome.ChromeDriver
Capabilities {acceptInsecureCerts: false, browserName: chrome, browserVersion: 86.0.4240.183, chrome: {chromedriverVersion: 85.0.4183.87 (cd6713ebf92fa..., userDataDir: C:\Users\Lenovo\AppData\Loc...}, goog:chromeOptions: {debuggerAddress: localhost:61169}, javascriptEnabled: true, networkConnectionEnabled: false, pageLoadStrategy: normal, platform: WINDOWS, platformName: WINDOWS, proxy: Proxy(), setWindowRect: true, strictFileInteractability: false, timeouts: {implicit: 0, pageLoad: 300000, script: 30000}, unhandledPromptBehavior: dismiss and notify, webauthn:virtualAuthenticators: true}
Session ID: 3e8275931a7832b64a7b18145fc837a4
2020-11-12 01:20:48,698 INFO c.SeleniumDriverWrapper [main] this is the filename  ERROR_SCREENSHOT_click__1605140448698.jpg
2020-11-12 01:20:49,177 WARN c.SeleniumDriverWrapper [main] WARNING: Tab1does not exists
2020-11-12 01:20:49,260 INFO s.TestCaseBase [main] starting test ...
2020-11-12 01:20:49,260 INFO s.MenuSteps [main] starting Spiegel
2020-11-12 01:20:53,736 INFO s.MenuSteps [main] accepting conditions
2020-11-12 01:20:56,118 ERROR c.SeleniumDriverWrapper [main] Element: //iframe[contains(@id, 'sp_message_iframe')] was not foundno such element: Unable to locate element: {"method":"xpath","selector":"//iframe[contains(@id, 'sp_message_iframe')]"}
  (Session info: chrome=86.0.4240.183)
For documentation on this error, please visit: https://www.seleniumhq.org/exceptions/no_such_element.html
Build info: version: '3.141.59', revision: 'e82be7d358', time: '2018-11-14T08:17:03'
System info: host: 'LAPTOP-RN5VIIS5', ip: '192.168.142.1', os.name: 'Windows 10', os.arch: 'amd64', os.version: '10.0', java.version: '1.8.0_172'
Driver info: org.openqa.selenium.chrome.ChromeDriver
Capabilities {acceptInsecureCerts: false, browserName: chrome, browserVersion: 86.0.4240.183, chrome: {chromedriverVersion: 85.0.4183.87 (cd6713ebf92fa..., userDataDir: C:\Users\Lenovo\AppData\Loc...}, goog:chromeOptions: {debuggerAddress: localhost:61169}, javascriptEnabled: true, networkConnectionEnabled: false, pageLoadStrategy: normal, platform: WINDOWS, platformName: WINDOWS, proxy: Proxy(), setWindowRect: true, strictFileInteractability: false, timeouts: {implicit: 0, pageLoad: 300000, script: 30000}, unhandledPromptBehavior: dismiss and notify, webauthn:virtualAuthenticators: true}
Session ID: 3e8275931a7832b64a7b18145fc837a4
*** Element info: {Using=xpath, value=//iframe[contains(@id, 'sp_message_iframe')]}
2020-11-12 01:20:56,120 ERROR c.SeleniumDriverWrapper [main] //iframe[contains(@id, 'sp_message_iframe')]null
2020-11-12 01:21:19,766 INFO s.TestCaseBase [main] starting test ...
2020-11-12 01:21:19,766 INFO s.MenuSteps [main] starting Spiegel
2020-11-12 01:21:26,180 INFO s.MenuSteps [main] accepting conditions
2020-11-12 01:21:27,873 ERROR c.SeleniumDriverWrapper [main] Element: //iframe[contains(@id, 'sp_message_iframe')] was not foundno such element: Unable to locate element: {"method":"xpath","selector":"//iframe[contains(@id, 'sp_message_iframe')]"}
  (Session info: chrome=86.0.4240.183)
For documentation on this error, please visit: https://www.seleniumhq.org/exceptions/no_such_element.html
Build info: version: '3.141.59', revision: 'e82be7d358', time: '2018-11-14T08:17:03'
System info: host: 'LAPTOP-RN5VIIS5', ip: '192.168.142.1', os.name: 'Windows 10', os.arch: 'amd64', os.version: '10.0', java.version: '1.8.0_172'
Driver info: org.openqa.selenium.chrome.ChromeDriver
Capabilities {acceptInsecureCerts: false, browserName: chrome, browserVersion: 86.0.4240.183, chrome: {chromedriverVersion: 85.0.4183.87 (cd6713ebf92fa..., userDataDir: C:\Users\Lenovo\AppData\Loc...}, goog:chromeOptions: {debuggerAddress: localhost:61169}, javascriptEnabled: true, networkConnectionEnabled: false, pageLoadStrategy: normal, platform: WINDOWS, platformName: WINDOWS, proxy: Proxy(), setWindowRect: true, strictFileInteractability: false, timeouts: {implicit: 0, pageLoad: 300000, script: 30000}, unhandledPromptBehavior: dismiss and notify, webauthn:virtualAuthenticators: true}
Session ID: 3e8275931a7832b64a7b18145fc837a4
*** Element info: {Using=xpath, value=//iframe[contains(@id, 'sp_message_iframe')]}
2020-11-12 01:21:27,874 ERROR c.SeleniumDriverWrapper [main] //iframe[contains(@id, 'sp_message_iframe')]null
2020-11-12 01:21:49,009 INFO s.TestCaseBase [main] starting test ...
2020-11-12 01:21:49,009 INFO s.MenuSteps [main] starting Spiegel
2020-11-12 01:21:54,902 INFO s.MenuSteps [main] accepting conditions
2020-11-12 01:21:57,092 ERROR c.SeleniumDriverWrapper [main] Element: //iframe[contains(@id, 'sp_message_iframe')] was not foundno such element: Unable to locate element: {"method":"xpath","selector":"//iframe[contains(@id, 'sp_message_iframe')]"}
  (Session info: chrome=86.0.4240.183)
For documentation on this error, please visit: https://www.seleniumhq.org/exceptions/no_such_element.html
Build info: version: '3.141.59', revision: 'e82be7d358', time: '2018-11-14T08:17:03'
System info: host: 'LAPTOP-RN5VIIS5', ip: '192.168.142.1', os.name: 'Windows 10', os.arch: 'amd64', os.version: '10.0', java.version: '1.8.0_172'
Driver info: org.openqa.selenium.chrome.ChromeDriver
Capabilities {acceptInsecureCerts: false, browserName: chrome, browserVersion: 86.0.4240.183, chrome: {chromedriverVersion: 85.0.4183.87 (cd6713ebf92fa..., userDataDir: C:\Users\Lenovo\AppData\Loc...}, goog:chromeOptions: {debuggerAddress: localhost:61169}, javascriptEnabled: true, networkConnectionEnabled: false, pageLoadStrategy: normal, platform: WINDOWS, platformName: WINDOWS, proxy: Proxy(), setWindowRect: true, strictFileInteractability: false, timeouts: {implicit: 0, pageLoad: 300000, script: 30000}, unhandledPromptBehavior: dismiss and notify, webauthn:virtualAuthenticators: true}
Session ID: 3e8275931a7832b64a7b18145fc837a4
*** Element info: {Using=xpath, value=//iframe[contains(@id, 'sp_message_iframe')]}
2020-11-12 01:21:57,093 ERROR c.SeleniumDriverWrapper [main] //iframe[contains(@id, 'sp_message_iframe')]null
2020-11-12 01:22:18,643 INFO s.TestCaseBase [main] starting test ...
2020-11-12 01:22:18,643 INFO s.MenuSteps [main] starting Spiegel
2020-11-12 01:22:24,850 INFO s.MenuSteps [main] accepting conditions
2020-11-12 01:22:27,085 ERROR c.SeleniumDriverWrapper [main] Element: //iframe[contains(@id, 'sp_message_iframe')] was not foundno such element: Unable to locate element: {"method":"xpath","selector":"//iframe[contains(@id, 'sp_message_iframe')]"}
  (Session info: chrome=86.0.4240.183)
For documentation on this error, please visit: https://www.seleniumhq.org/exceptions/no_such_element.html
Build info: version: '3.141.59', revision: 'e82be7d358', time: '2018-11-14T08:17:03'
System info: host: 'LAPTOP-RN5VIIS5', ip: '192.168.142.1', os.name: 'Windows 10', os.arch: 'amd64', os.version: '10.0', java.version: '1.8.0_172'
Driver info: org.openqa.selenium.chrome.ChromeDriver
Capabilities {acceptInsecureCerts: false, browserName: chrome, browserVersion: 86.0.4240.183, chrome: {chromedriverVersion: 85.0.4183.87 (cd6713ebf92fa..., userDataDir: C:\Users\Lenovo\AppData\Loc...}, goog:chromeOptions: {debuggerAddress: localhost:61169}, javascriptEnabled: true, networkConnectionEnabled: false, pageLoadStrategy: normal, platform: WINDOWS, platformName: WINDOWS, proxy: Proxy(), setWindowRect: true, strictFileInteractability: false, timeouts: {implicit: 0, pageLoad: 300000, script: 30000}, unhandledPromptBehavior: dismiss and notify, webauthn:virtualAuthenticators: true}
Session ID: 3e8275931a7832b64a7b18145fc837a4
*** Element info: {Using=xpath, value=//iframe[contains(@id, 'sp_message_iframe')]}
2020-11-12 01:22:27,086 ERROR c.SeleniumDriverWrapper [main] //iframe[contains(@id, 'sp_message_iframe')]null
2020-11-12 01:22:46,597 INFO s.TestCaseBase [main] starting test ...
2020-11-12 01:22:46,597 INFO s.MenuSteps [main] starting Spiegel
2020-11-12 01:22:50,666 INFO s.MenuSteps [main] accepting conditions
2020-11-12 01:22:52,921 ERROR c.SeleniumDriverWrapper [main] Element: //iframe[contains(@id, 'sp_message_iframe')] was not foundno such element: Unable to locate element: {"method":"xpath","selector":"//iframe[contains(@id, 'sp_message_iframe')]"}
  (Session info: chrome=86.0.4240.183)
For documentation on this error, please visit: https://www.seleniumhq.org/exceptions/no_such_element.html
Build info: version: '3.141.59', revision: 'e82be7d358', time: '2018-11-14T08:17:03'
System info: host: 'LAPTOP-RN5VIIS5', ip: '192.168.142.1', os.name: 'Windows 10', os.arch: 'amd64', os.version: '10.0', java.version: '1.8.0_172'
Driver info: org.openqa.selenium.chrome.ChromeDriver
Capabilities {acceptInsecureCerts: false, browserName: chrome, browserVersion: 86.0.4240.183, chrome: {chromedriverVersion: 85.0.4183.87 (cd6713ebf92fa..., userDataDir: C:\Users\Lenovo\AppData\Loc...}, goog:chromeOptions: {debuggerAddress: localhost:61169}, javascriptEnabled: true, networkConnectionEnabled: false, pageLoadStrategy: normal, platform: WINDOWS, platformName: WINDOWS, proxy: Proxy(), setWindowRect: true, strictFileInteractability: false, timeouts: {implicit: 0, pageLoad: 300000, script: 30000}, unhandledPromptBehavior: dismiss and notify, webauthn:virtualAuthenticators: true}
Session ID: 3e8275931a7832b64a7b18145fc837a4
*** Element info: {Using=xpath, value=//iframe[contains(@id, 'sp_message_iframe')]}
2020-11-12 01:22:52,921 ERROR c.SeleniumDriverWrapper [main] //iframe[contains(@id, 'sp_message_iframe')]null
2020-11-12 01:23:01,156 ERROR s.StartpageSteps [main] bound must be positive
2020-11-12 01:23:01,156 INFO c.SeleniumDriverWrapper [main] this is the filename  ERROR_SCREENSHOT_clicking_random_article_of_tests_channel_1605140581156.jpg
2020-11-12 01:23:22,383 ERROR p.BasePage [main] Page DER SPIEGEL | Online-Nachrichten need longer than 15 seconds to load[Ljava.lang.StackTraceElement;@2349f14d
2020-11-12 01:23:22,398 INFO s.TestCaseBase [main] starting test ...
2020-11-12 01:23:22,398 INFO s.MenuSteps [main] starting Spiegel
2020-11-12 01:23:27,626 INFO s.MenuSteps [main] accepting conditions
2020-11-12 01:23:29,236 ERROR c.SeleniumDriverWrapper [main] Element: //iframe[contains(@id, 'sp_message_iframe')] was not foundno such element: Unable to locate element: {"method":"xpath","selector":"//iframe[contains(@id, 'sp_message_iframe')]"}
  (Session info: chrome=86.0.4240.183)
For documentation on this error, please visit: https://www.seleniumhq.org/exceptions/no_such_element.html
Build info: version: '3.141.59', revision: 'e82be7d358', time: '2018-11-14T08:17:03'
System info: host: 'LAPTOP-RN5VIIS5', ip: '192.168.142.1', os.name: 'Windows 10', os.arch: 'amd64', os.version: '10.0', java.version: '1.8.0_172'
Driver info: org.openqa.selenium.chrome.ChromeDriver
Capabilities {acceptInsecureCerts: false, browserName: chrome, browserVersion: 86.0.4240.183, chrome: {chromedriverVersion: 85.0.4183.87 (cd6713ebf92fa..., userDataDir: C:\Users\Lenovo\AppData\Loc...}, goog:chromeOptions: {debuggerAddress: localhost:61169}, javascriptEnabled: true, networkConnectionEnabled: false, pageLoadStrategy: normal, platform: WINDOWS, platformName: WINDOWS, proxy: Proxy(), setWindowRect: true, strictFileInteractability: false, timeouts: {implicit: 0, pageLoad: 300000, script: 30000}, unhandledPromptBehavior: dismiss and notify, webauthn:virtualAuthenticators: true}
Session ID: 3e8275931a7832b64a7b18145fc837a4
*** Element info: {Using=xpath, value=//iframe[contains(@id, 'sp_message_iframe')]}
2020-11-12 01:23:29,236 ERROR c.SeleniumDriverWrapper [main] //iframe[contains(@id, 'sp_message_iframe')]null
2020-11-12 01:23:48,814 INFO s.TestCaseBase [main] starting test ...
2020-11-12 01:23:48,814 INFO s.MenuSteps [main] starting Spiegel
2020-11-12 01:23:54,168 INFO s.MenuSteps [main] accepting conditions
2020-11-12 01:23:56,462 ERROR c.SeleniumDriverWrapper [main] Element: //iframe[contains(@id, 'sp_message_iframe')] was not foundno such element: Unable to locate element: {"method":"xpath","selector":"//iframe[contains(@id, 'sp_message_iframe')]"}
  (Session info: chrome=86.0.4240.183)
For documentation on this error, please visit: https://www.seleniumhq.org/exceptions/no_such_element.html
Build info: version: '3.141.59', revision: 'e82be7d358', time: '2018-11-14T08:17:03'
System info: host: 'LAPTOP-RN5VIIS5', ip: '192.168.142.1', os.name: 'Windows 10', os.arch: 'amd64', os.version: '10.0', java.version: '1.8.0_172'
Driver info: org.openqa.selenium.chrome.ChromeDriver
Capabilities {acceptInsecureCerts: false, browserName: chrome, browserVersion: 86.0.4240.183, chrome: {chromedriverVersion: 85.0.4183.87 (cd6713ebf92fa..., userDataDir: C:\Users\Lenovo\AppData\Loc...}, goog:chromeOptions: {debuggerAddress: localhost:61169}, javascriptEnabled: true, networkConnectionEnabled: false, pageLoadStrategy: normal, platform: WINDOWS, platformName: WINDOWS, proxy: Proxy(), setWindowRect: true, strictFileInteractability: false, timeouts: {implicit: 0, pageLoad: 300000, script: 30000}, unhandledPromptBehavior: dismiss and notify, webauthn:virtualAuthenticators: true}
Session ID: 3e8275931a7832b64a7b18145fc837a4
*** Element info: {Using=xpath, value=//iframe[contains(@id, 'sp_message_iframe')]}
2020-11-12 01:23:56,463 ERROR c.SeleniumDriverWrapper [main] //iframe[contains(@id, 'sp_message_iframe')]null
2020-11-12 01:24:28,670 ERROR p.BasePage [main] Page DER SPIEGEL | Online-Nachrichten need longer than 15 seconds to load[Ljava.lang.StackTraceElement;@624b523
2020-11-12 01:24:28,683 INFO s.TestCaseBase [main] starting test ...
2020-11-12 01:24:28,684 INFO s.MenuSteps [main] starting Spiegel
2020-11-12 01:24:33,184 INFO s.MenuSteps [main] accepting conditions
2020-11-12 01:24:35,617 ERROR c.SeleniumDriverWrapper [main] Element: //iframe[contains(@id, 'sp_message_iframe')] was not foundno such element: Unable to locate element: {"method":"xpath","selector":"//iframe[contains(@id, 'sp_message_iframe')]"}
  (Session info: chrome=86.0.4240.183)
For documentation on this error, please visit: https://www.seleniumhq.org/exceptions/no_such_element.html
Build info: version: '3.141.59', revision: 'e82be7d358', time: '2018-11-14T08:17:03'
System info: host: 'LAPTOP-RN5VIIS5', ip: '192.168.142.1', os.name: 'Windows 10', os.arch: 'amd64', os.version: '10.0', java.version: '1.8.0_172'
Driver info: org.openqa.selenium.chrome.ChromeDriver
Capabilities {acceptInsecureCerts: false, browserName: chrome, browserVersion: 86.0.4240.183, chrome: {chromedriverVersion: 85.0.4183.87 (cd6713ebf92fa..., userDataDir: C:\Users\Lenovo\AppData\Loc...}, goog:chromeOptions: {debuggerAddress: localhost:61169}, javascriptEnabled: true, networkConnectionEnabled: false, pageLoadStrategy: normal, platform: WINDOWS, platformName: WINDOWS, proxy: Proxy(), setWindowRect: true, strictFileInteractability: false, timeouts: {implicit: 0, pageLoad: 300000, script: 30000}, unhandledPromptBehavior: dismiss and notify, webauthn:virtualAuthenticators: true}
Session ID: 3e8275931a7832b64a7b18145fc837a4
*** Element info: {Using=xpath, value=//iframe[contains(@id, 'sp_message_iframe')]}
2020-11-12 01:24:35,618 ERROR c.SeleniumDriverWrapper [main] //iframe[contains(@id, 'sp_message_iframe')]null
2020-11-12 01:24:38,660 ERROR c.SeleniumDriverWrapper [main] javascript error: Cannot read property 'scrollIntoView' of null
  (Session info: chrome=86.0.4240.183)
Build info: version: '3.141.59', revision: 'e82be7d358', time: '2018-11-14T08:17:03'
System info: host: 'LAPTOP-RN5VIIS5', ip: '192.168.142.1', os.name: 'Windows 10', os.arch: 'amd64', os.version: '10.0', java.version: '1.8.0_172'
Driver info: org.openqa.selenium.chrome.ChromeDriver
Capabilities {acceptInsecureCerts: false, browserName: chrome, browserVersion: 86.0.4240.183, chrome: {chromedriverVersion: 85.0.4183.87 (cd6713ebf92fa..., userDataDir: C:\Users\Lenovo\AppData\Loc...}, goog:chromeOptions: {debuggerAddress: localhost:61169}, javascriptEnabled: true, networkConnectionEnabled: false, pageLoadStrategy: normal, platform: WINDOWS, platformName: WINDOWS, proxy: Proxy(), setWindowRect: true, strictFileInteractability: false, timeouts: {implicit: 0, pageLoad: 300000, script: 30000}, unhandledPromptBehavior: dismiss and notify, webauthn:virtualAuthenticators: true}
Session ID: 3e8275931a7832b64a7b18145fc837a4
2020-11-12 01:33:43,287 INFO s.TestCaseBase [main] starting test ...
2020-11-12 01:33:43,303 INFO h.PropertiesFilesLoader [main] success loading properties-file /properties/environment.properties
2020-11-12 01:33:43,303 INFO h.PropertiesFilesLoader [main] getting property with following key...CHROME_DRIVER_LOCATION
2020-11-12 01:33:43,303 INFO h.PropertiesFilesLoader [main]  found corresponding property C:\MyWorkspace\SeleniumChromeDriver\85\chromedriver.exe
2020-11-12 01:33:49,386 INFO s.MenuSteps [main] starting Spiegel
2020-11-12 01:33:55,334 INFO s.MenuSteps [main] accepting conditions
2020-11-12 01:34:05,456 ERROR c.SeleniumDriverWrapper [main] Element: (//div[@data-component='SwiperBar'])[1]//ul//li//a[contains(@title,'Sachbuch')] was not foundCannot locate an element using xpath=(//div[@data-component='SwiperBar'])[1]//ul//li//a[contains(@title,'Sachbuch')]
For documentation on this error, please visit: https://www.seleniumhq.org/exceptions/no_such_element.html
Build info: version: '3.141.59', revision: 'e82be7d358', time: '2018-11-14T08:17:03'
System info: host: 'LAPTOP-RN5VIIS5', ip: '192.168.142.1', os.name: 'Windows 10', os.arch: 'amd64', os.version: '10.0', java.version: '1.8.0_172'
Driver info: driver.version: RemoteWebDriver
2020-11-12 01:34:05,460 ERROR c.SeleniumDriverWrapper [main] null
2020-11-12 01:34:05,503 INFO s.TestCaseBase [main] starting test ...
2020-11-12 01:34:05,504 INFO s.MenuSteps [main] starting Spiegel
2020-11-12 01:34:05,543 INFO s.TestCaseBase [main] starting test ...
2020-11-12 01:34:05,543 INFO s.MenuSteps [main] starting Spiegel
2020-11-12 01:34:05,588 INFO s.TestCaseBase [main] starting test ...
2020-11-12 01:34:05,590 INFO s.MenuSteps [main] starting Spiegel
2020-11-12 01:34:05,615 INFO s.TestCaseBase [main] starting test ...
2020-11-12 01:34:05,615 INFO s.MenuSteps [main] starting Spiegel
2020-11-12 01:34:05,645 INFO s.TestCaseBase [main] starting test ...
2020-11-12 01:34:05,645 INFO s.MenuSteps [main] starting Spiegel
2020-11-12 01:34:05,673 INFO s.TestCaseBase [main] starting test ...
2020-11-12 01:34:05,673 INFO s.MenuSteps [main] starting Spiegel
2020-11-12 01:34:05,688 INFO s.TestCaseBase [main] starting test ...
2020-11-12 01:34:05,688 INFO s.MenuSteps [main] starting Spiegel
2020-11-12 01:34:05,702 INFO s.TestCaseBase [main] starting test ...
2020-11-12 01:34:05,703 INFO s.MenuSteps [main] starting Spiegel
2020-11-12 01:34:05,717 INFO s.TestCaseBase [main] starting test ...
2020-11-12 01:34:05,717 INFO s.MenuSteps [main] starting Spiegel
2020-11-12 01:34:05,734 INFO s.TestCaseBase [main] starting test ...
2020-11-12 01:34:05,734 INFO s.MenuSteps [main] starting Spiegel
2020-11-12 01:34:05,753 INFO s.TestCaseBase [main] starting test ...
2020-11-12 01:34:05,754 INFO s.MenuSteps [main] starting Spiegel
2020-11-12 01:34:05,768 INFO s.TestCaseBase [main] starting test ...
2020-11-12 01:34:05,769 INFO s.MenuSteps [main] starting Spiegel
2020-11-12 01:34:05,795 INFO s.TestCaseBase [main] starting test ...
2020-11-12 01:34:05,795 INFO s.MenuSteps [main] starting Spiegel
2020-11-12 01:34:05,816 INFO s.TestCaseBase [main] starting test ...
2020-11-12 01:34:05,816 INFO s.MenuSteps [main] starting Spiegel
2020-11-12 01:34:05,834 INFO s.TestCaseBase [main] starting test ...
2020-11-12 01:34:05,835 INFO s.MenuSteps [main] starting Spiegel
2020-11-12 01:34:05,862 INFO s.TestCaseBase [main] starting test ...
2020-11-12 01:34:05,863 INFO s.MenuSteps [main] starting Spiegel
2020-11-12 01:34:05,878 INFO s.TestCaseBase [main] starting test ...
2020-11-12 01:34:05,878 INFO s.MenuSteps [main] starting Spiegel
2020-11-12 01:34:05,892 INFO s.TestCaseBase [main] starting test ...
2020-11-12 01:34:05,892 INFO s.MenuSteps [main] starting Spiegel
2020-11-12 01:34:05,908 INFO s.TestCaseBase [main] starting test ...
2020-11-12 01:34:05,908 INFO s.MenuSteps [main] starting Spiegel
2020-11-12 01:34:05,925 INFO s.TestCaseBase [main] starting test ...
2020-11-12 01:34:05,926 INFO s.MenuSteps [main] starting Spiegel
2020-11-12 01:34:05,941 INFO s.TestCaseBase [main] starting test ...
2020-11-12 01:34:05,942 INFO s.MenuSteps [main] starting Spiegel
2020-11-12 01:34:05,955 INFO s.TestCaseBase [main] starting test ...
2020-11-12 01:34:05,955 INFO s.MenuSteps [main] starting Spiegel
2020-11-12 01:34:05,970 INFO s.TestCaseBase [main] starting test ...
2020-11-12 01:34:05,971 INFO s.MenuSteps [main] starting Spiegel
2020-11-12 01:34:07,659 INFO s.TestCaseBase [main] starting test ...
2020-11-12 01:34:07,659 INFO s.MenuSteps [main] starting Spiegel
2020-11-12 01:34:07,659 INFO s.TestCaseBase [main] starting test ...
2020-11-12 01:34:07,659 INFO s.MenuSteps [main] starting Spiegel
2020-11-12 01:34:07,674 INFO s.TestCaseBase [main] starting test ...
2020-11-12 01:34:07,674 INFO s.MenuSteps [main] starting Spiegel
2020-11-12 01:34:07,674 INFO s.TestCaseBase [main] starting test ...
2020-11-12 01:34:07,674 INFO s.MenuSteps [main] starting Spiegel
2020-11-12 01:34:07,674 INFO s.TestCaseBase [main] starting test ...
2020-11-12 01:34:07,674 INFO s.MenuSteps [main] starting Spiegel
2020-11-12 01:34:07,690 INFO s.TestCaseBase [main] starting test ...
2020-11-12 01:34:07,690 INFO s.MenuSteps [main] starting Spiegel
2020-11-12 01:34:07,690 INFO s.TestCaseBase [main] starting test ...
2020-11-12 01:34:07,690 INFO s.MenuSteps [main] starting Spiegel
2020-11-12 01:34:07,706 INFO s.TestCaseBase [main] starting test ...
2020-11-12 01:34:07,706 INFO s.MenuSteps [main] starting Spiegel
2020-11-12 01:34:07,706 INFO s.TestCaseBase [main] starting test ...
2020-11-12 01:34:07,706 INFO s.MenuSteps [main] starting Spiegel
2020-11-12 01:34:07,706 INFO s.TestCaseBase [main] starting test ...
2020-11-12 01:34:07,706 INFO s.MenuSteps [main] starting Spiegel
2020-11-12 01:34:07,721 INFO s.TestCaseBase [main] starting test ...
2020-11-12 01:34:07,721 INFO s.MenuSteps [main] starting Spiegel
2020-11-12 01:34:07,721 INFO s.TestCaseBase [main] starting test ...
2020-11-12 01:34:07,721 INFO s.MenuSteps [main] starting Spiegel
2020-11-12 01:34:07,721 INFO s.TestCaseBase [main] starting test ...
2020-11-12 01:34:07,737 INFO s.MenuSteps [main] starting Spiegel
2020-11-12 01:34:07,737 INFO s.TestCaseBase [main] starting test ...
2020-11-12 01:34:07,737 INFO s.MenuSteps [main] starting Spiegel
2020-11-12 01:34:07,737 INFO s.TestCaseBase [main] starting test ...
2020-11-12 01:34:07,737 INFO s.MenuSteps [main] starting Spiegel
